
BL51 BANKED LINKER/LOCATER V6.22 - SN: C1AEC-PAAQVE
COPYRIGHT KEIL ELEKTRONIK GmbH 1987 - 2009
"\\student\home\profile\My Documents\Elec2700\A3\1.3\A3_XX.obj"  TO "\\student\home\profile\My Documents\Elec2700\A3\1.3\A3_XX" RS(256) PL(68) PW(78) 

*** WARNING L13: RECURSIVE CALL TO SEGMENT
    SEGMENT: ?PR?_STATE?A3_XX
    CALLER:  ?PR?NOTECHECK?A3_XX

*** WARNING L13: RECURSIVE CALL TO SEGMENT
    SEGMENT: ?PR?_STATE?A3_XX
    CALLER:  ?PR?COMPUTER_INTERFACE?A3_XX

*** WARNING L13: RECURSIVE CALL TO SEGMENT
    SEGMENT: ?PR?COMPUTER_INTERFACE?A3_XX
    CALLER:  ?PR?SONGMENU?A3_XX

*** WARNING L13: RECURSIVE CALL TO SEGMENT
    SEGMENT: ?PR?COMPUTER_INTERFACE?A3_XX
    CALLER:  ?PR?_PLAYUPLOAD?A3_XX

*** WARNING L13: RECURSIVE CALL TO SEGMENT
    SEGMENT: ?PR?COMPUTER_INTERFACE?A3_XX
    CALLER:  ?PR?DOWNLOADSONG?A3_XX

*** WARNING L13: RECURSIVE CALL TO SEGMENT
    SEGMENT: ?PR?COMPUTER_INTERFACE?A3_XX
    CALLER:  ?PR?_DOWNLOAD?A3_XX

*** WARNING L13: RECURSIVE CALL TO SEGMENT
    SEGMENT: ?PR?COMPUTER_INTERFACE?A3_XX
    CALLER:  ?PR?KEYBOARD?A3_XX

*** WARNING L13: RECURSIVE CALL TO SEGMENT
    SEGMENT: ?PR?KEYBOARD?A3_XX
    CALLER:  ?PR?_KEYBOARDPLAY?A3_XX

Program Size: data=106.1 xdata=596 code=11407
LINK/LOCATE RUN COMPLETE.  8 WARNING(S),  0 ERROR(S)
